<?xml version="1.0" encoding="UTF-8"?>
<!-- Generated by org.testng.reporters.JUnitReportReporter -->
<testsuite hostname="DESKTOP-QVM6J4J" failures="0" tests="1" name="com.Test.Test_Login" time="5.590" errors="0" timestamp="2022-01-30T21:34:06 IST" skipped="0">
  <testcase classname="com.Test.Test_Login" name="Verify_LoginTestTc_001" time="5.590"/>
  <system-out/>
</testsuite> <!-- com.Test.Test_Login -->
