<?xml version="1.0" encoding="UTF-8"?>
<!-- Generated by org.testng.reporters.JUnitReportReporter -->
<testsuite hostname="DESKTOP-QVM6J4J" failures="0" tests="1" name="com.Test.Test_2" time="0.040" errors="0" timestamp="2022-01-30T19:46:04 IST" skipped="0">
  <testcase classname="com.Test.Test_2" name="m1" time="0.040"/>
  <system-out/>
</testsuite> <!-- com.Test.Test_2 -->
